Lopez neutral-curve run started at 2026-07-14T17:25:50.107
2026-07-14T17:26:01.161  START Tw=1.05 beta_end=0.0401
2026-07-14T17:27:42.127  POINT Tw=1.05 i=1 beta=0.1185000 R=453.12169382 alpha=(0.631187225,-3.356e-08) res=8.947e-19 overlap=1.00000000 jump=0.000e+00 OK
2026-07-14T17:28:04.408  POINT Tw=1.05 i=2 beta=0.1177000 R=445.16263380 alpha=(0.627843305,-4.474e-08) res=8.811e-19 overlap=1.00000000 jump=3.344e-03 OK
2026-07-14T17:28:10.508  POINT Tw=1.05 i=3 beta=0.1169000 R=437.56405149 alpha=(0.624481150,-8.151e-08) res=9.346e-19 overlap=0.99999999 jump=3.362e-03 OK
2026-07-14T17:28:16.468  POINT Tw=1.05 i=1 beta=0.1185000 R=453.12169382 alpha=(0.631187225,-3.356e-08) res=7.872e-19 overlap=1.00000000 jump=0.000e+00 OK
2026-07-14T17:28:17.201  POINT Tw=1.05 i=4 beta=0.1161000 R=430.29948693 alpha=(0.621099711,-8.318e-08) res=7.771e-19 overlap=0.99999999 jump=3.381e-03 OK
2026-07-14T17:28:24.274  POINT Tw=1.05 i=5 beta=0.1153000 R=423.34594195 alpha=(0.617698018,-8.459e-08) res=8.387e-19 overlap=0.99999999 jump=3.402e-03 OK
2026-07-14T17:28:31.649  POINT Tw=1.05 i=6 beta=0.1145000 R=416.68250345 alpha=(0.614275174,-8.569e-08) res=8.389e-19 overlap=0.99999999 jump=3.423e-03 OK
2026-07-14T17:28:37.051  POINT Tw=1.05 i=2 beta=0.1177000 R=445.16263380 alpha=(0.627843305,-4.474e-08) res=8.690e-19 overlap=1.00000000 jump=3.344e-03 OK
2026-07-14T17:28:38.530  POINT Tw=1.05 i=7 beta=0.1137000 R=410.29033793 alpha=(0.610830346,-8.658e-08) res=9.087e-19 overlap=0.99999999 jump=3.445e-03 OK
2026-07-14T17:28:42.703  POINT Tw=1.05 i=3 beta=0.1169000 R=437.56405149 alpha=(0.624481150,-8.151e-08) res=8.681e-19 overlap=0.99999999 jump=3.362e-03 OK
2026-07-14T17:28:43.999  POINT Tw=1.05 i=8 beta=0.1129000 R=404.15244179 alpha=(0.607362751,-8.729e-08) res=1.030e-18 overlap=0.99999999 jump=3.468e-03 OK
2026-07-14T17:28:48.777  POINT Tw=1.05 i=4 beta=0.1161000 R=430.29948693 alpha=(0.621099711,-8.318e-08) res=7.377e-19 overlap=0.99999999 jump=3.381e-03 OK
2026-07-14T17:28:50.025  POINT Tw=1.05 i=9 beta=0.1121000 R=398.25342780 alpha=(0.603871647,-8.786e-08) res=8.227e-19 overlap=0.99999999 jump=3.491e-03 OK
2026-07-14T17:28:55.472  POINT Tw=1.05 i=5 beta=0.1153000 R=423.34594195 alpha=(0.617698018,-8.459e-08) res=8.529e-19 overlap=0.99999999 jump=3.402e-03 OK
2026-07-14T17:28:56.301  POINT Tw=1.05 i=10 beta=0.1113000 R=392.57934073 alpha=(0.600356330,-8.834e-08) res=8.471e-19 overlap=0.99999999 jump=3.515e-03 OK
2026-07-14T17:29:04.254  POINT Tw=1.05 i=6 beta=0.1145000 R=416.68250345 alpha=(0.614275174,-8.569e-08) res=8.013e-19 overlap=0.99999999 jump=3.423e-03 OK
2026-07-14T17:29:05.471  POINT Tw=1.05 i=11 beta=0.1105000 R=387.11749786 alpha=(0.596816122,-8.873e-08) res=8.519e-19 overlap=0.99999999 jump=3.540e-03 OK
2026-07-14T17:29:10.933  POINT Tw=1.05 i=7 beta=0.1137000 R=410.29033793 alpha=(0.610830346,-8.658e-08) res=9.481e-19 overlap=0.99999999 jump=3.445e-03 OK
2026-07-14T17:29:11.973  POINT Tw=1.05 i=12 beta=0.1097000 R=381.85635075 alpha=(0.593250369,-8.906e-08) res=7.946e-19 overlap=0.99999999 jump=3.566e-03 OK
2026-07-14T17:29:17.250  POINT Tw=1.05 i=8 beta=0.1129000 R=404.15244179 alpha=(0.607362751,-8.729e-08) res=7.657e-19 overlap=0.99999999 jump=3.468e-03 OK
2026-07-14T17:29:18.502  POINT Tw=1.05 i=13 beta=0.1089000 R=376.78536509 alpha=(0.589658437,-8.936e-08) res=9.201e-19 overlap=1.00000000 jump=3.592e-03 OK
2026-07-14T17:29:22.584  POINT Tw=1.05 i=9 beta=0.1121000 R=398.25342780 alpha=(0.603871647,-8.786e-08) res=9.127e-19 overlap=0.99999999 jump=3.491e-03 OK
2026-07-14T17:29:23.861  POINT Tw=1.05 i=14 beta=0.1081000 R=371.89491608 alpha=(0.586039705,-8.964e-08) res=9.288e-19 overlap=1.00000000 jump=3.619e-03 OK
2026-07-14T17:29:28.827  POINT Tw=1.05 i=10 beta=0.1113000 R=392.57934073 alpha=(0.600356330,-8.834e-08) res=9.257e-19 overlap=0.99999999 jump=3.515e-03 OK
2026-07-14T17:29:29.363  POINT Tw=1.05 i=15 beta=0.1073000 R=367.17619704 alpha=(0.582393566,-8.990e-08) res=8.350e-19 overlap=1.00000000 jump=3.646e-03 OK
2026-07-14T17:29:38.077  POINT Tw=1.05 i=11 beta=0.1105000 R=387.11749786 alpha=(0.596816122,-8.873e-08) res=8.897e-19 overlap=0.99999999 jump=3.540e-03 OK
2026-07-14T17:29:38.157  POINT Tw=1.05 i=16 beta=0.1065000 R=362.62113947 alpha=(0.578719418,-9.017e-08) res=9.379e-19 overlap=1.00000000 jump=3.674e-03 OK
2026-07-14T17:29:44.423  POINT Tw=1.05 i=12 beta=0.1097000 R=381.85635075 alpha=(0.593250369,-8.906e-08) res=8.596e-19 overlap=0.99999999 jump=3.566e-03 OK
2026-07-14T17:29:44.692  POINT Tw=1.05 i=17 beta=0.1057000 R=358.22234288 alpha=(0.575016669,-9.045e-08) res=6.261e-19 overlap=1.00000000 jump=3.703e-03 OK
2026-07-14T17:29:50.955  POINT Tw=1.05 i=18 beta=0.1049000 R=353.97301325 alpha=(0.571284728,-9.075e-08) res=1.049e-18 overlap=1.00000000 jump=3.732e-03 OK
2026-07-14T17:29:51.555  POINT Tw=1.05 i=13 beta=0.1089000 R=376.78536509 alpha=(0.589658437,-8.936e-08) res=8.026e-19 overlap=1.00000000 jump=3.592e-03 OK
2026-07-14T17:29:56.950  POINT Tw=1.05 i=14 beta=0.1081000 R=371.89491608 alpha=(0.586039705,-8.964e-08) res=1.118e-18 overlap=1.00000000 jump=3.619e-03 OK
2026-07-14T17:30:02.136  POINT Tw=1.05 i=15 beta=0.1073000 R=367.17619704 alpha=(0.582393566,-8.990e-08) res=8.111e-19 overlap=1.00000000 jump=3.646e-03 OK
2026-07-14T17:30:07.329  POINT Tw=1.05 i=16 beta=0.1065000 R=362.62113947 alpha=(0.578719418,-9.017e-08) res=8.321e-19 overlap=1.00000000 jump=3.674e-03 OK
2026-07-14T17:30:15.016  POINT Tw=1.05 i=17 beta=0.1057000 R=358.22234288 alpha=(0.575016669,-9.045e-08) res=6.402e-19 overlap=1.00000000 jump=3.703e-03 OK
2026-07-14T17:30:20.316  POINT Tw=1.05 i=18 beta=0.1049000 R=353.97301325 alpha=(0.571284728,-9.075e-08) res=1.021e-18 overlap=1.00000000 jump=3.732e-03 OK
2026-07-14T17:30:25.450  POINT Tw=1.05 i=19 beta=0.1041000 R=349.86690875 alpha=(0.567523005,-9.108e-08) res=8.564e-19 overlap=1.00000000 jump=3.762e-03 OK
2026-07-14T17:30:30.552  POINT Tw=1.05 i=20 beta=0.1033000 R=345.89829195 alpha=(0.563730913,-9.144e-08) res=7.760e-19 overlap=1.00000000 jump=3.792e-03 OK
2026-07-14T17:30:35.596  POINT Tw=1.05 i=21 beta=0.1025000 R=342.06188759 alpha=(0.559907860,-9.185e-08) res=7.518e-19 overlap=1.00000000 jump=3.823e-03 OK
2026-07-14T17:30:40.766  POINT Tw=1.05 i=22 beta=0.1017000 R=338.35284531 alpha=(0.556053252,-9.231e-08) res=6.568e-19 overlap=1.00000000 jump=3.855e-03 OK
2026-07-14T17:30:48.701  POINT Tw=1.05 i=23 beta=0.1009000 R=334.76670663 alpha=(0.552166490,-9.282e-08) res=8.559e-19 overlap=1.00000000 jump=3.887e-03 OK
2026-07-14T17:30:53.793  POINT Tw=1.05 i=24 beta=0.1001000 R=331.29937580 alpha=(0.548246969,-9.339e-08) res=7.678e-19 overlap=1.00000000 jump=3.920e-03 OK
2026-07-14T17:30:58.971  POINT Tw=1.05 i=25 beta=0.0993000 R=327.94709396 alpha=(0.544294080,-9.404e-08) res=7.999e-19 overlap=1.00000000 jump=3.953e-03 OK
2026-07-14T17:31:04.780  POINT Tw=1.05 i=26 beta=0.0985000 R=324.70641635 alpha=(0.540307201,-9.475e-08) res=9.408e-19 overlap=1.00000000 jump=3.987e-03 OK
2026-07-14T17:31:09.869  POINT Tw=1.05 i=27 beta=0.0977000 R=321.57419216 alpha=(0.536285705,-9.555e-08) res=8.007e-19 overlap=1.00000000 jump=4.021e-03 OK
2026-07-14T17:31:15.033  POINT Tw=1.05 i=28 beta=0.0969000 R=318.54754680 alpha=(0.532228956,-9.643e-08) res=7.851e-19 overlap=1.00000000 jump=4.057e-03 OK
2026-07-14T17:31:23.039  POINT Tw=1.05 i=29 beta=0.0961000 R=315.62386633 alpha=(0.528136304,-9.740e-08) res=9.035e-19 overlap=1.00000000 jump=4.093e-03 OK
2026-07-14T17:31:28.121  POINT Tw=1.05 i=30 beta=0.0953000 R=312.80078385 alpha=(0.524007091,-9.848e-08) res=8.603e-19 overlap=1.00000000 jump=4.129e-03 OK
2026-07-14T17:31:36.465  POINT Tw=1.05 i=31 beta=0.0945000 R=310.07585875 alpha=(0.519840660,-1.691e-11) res=6.480e-19 overlap=1.00000000 jump=4.166e-03 OK
2026-07-14T17:31:44.745  POINT Tw=1.05 i=32 beta=0.0937000 R=307.44780595 alpha=(0.515636302,-2.493e-11) res=8.918e-19 overlap=1.00000000 jump=4.204e-03 OK
2026-07-14T17:31:53.678  POINT Tw=1.05 i=33 beta=0.0929000 R=304.91462231 alpha=(0.511393336,-2.986e-11) res=7.043e-19 overlap=1.00000000 jump=4.243e-03 OK
2026-07-14T17:32:04.669  POINT Tw=1.05 i=34 beta=0.0921000 R=302.47482694 alpha=(0.507111050,-2.758e-11) res=8.085e-19 overlap=1.00000000 jump=4.282e-03 OK
2026-07-14T17:32:13.738  POINT Tw=1.05 i=35 beta=0.0913000 R=300.12714236 alpha=(0.502788725,-2.108e-11) res=7.846e-19 overlap=1.00000000 jump=4.322e-03 OK
2026-07-14T17:32:22.213  POINT Tw=1.05 i=36 beta=0.0905000 R=297.87048991 alpha=(0.498425622,-1.205e-11) res=9.002e-19 overlap=1.00000000 jump=4.363e-03 OK
2026-07-14T17:32:29.451  POINT Tw=1.05 i=37 beta=0.0897000 R=295.70383747 alpha=(0.494020997,+5.530e-08) res=6.498e-19 overlap=1.00000000 jump=4.405e-03 OK
2026-07-14T17:32:38.913  POINT Tw=1.05 i=38 beta=0.0889000 R=293.62694505 alpha=(0.489574065,-1.263e-09) res=6.496e-19 overlap=1.00000000 jump=4.447e-03 OK
2026-07-14T17:32:45.561  POINT Tw=1.05 i=39 beta=0.0881000 R=291.63886191 alpha=(0.485084065,-1.402e-09) res=7.280e-19 overlap=1.00000000 jump=4.490e-03 OK
2026-07-14T17:32:52.157  POINT Tw=1.05 i=40 beta=0.0873000 R=289.73943443 alpha=(0.480550193,-1.455e-09) res=7.785e-19 overlap=1.00000000 jump=4.534e-03 OK
2026-07-14T17:32:58.934  POINT Tw=1.05 i=41 beta=0.0865000 R=287.92855125 alpha=(0.475971637,-1.503e-09) res=8.256e-19 overlap=1.00000000 jump=4.579e-03 OK
2026-07-14T17:33:08.643  POINT Tw=1.05 i=42 beta=0.0857000 R=286.20629690 alpha=(0.471347572,-1.530e-09) res=7.510e-19 overlap=1.00000000 jump=4.624e-03 OK
2026-07-14T17:33:15.355  POINT Tw=1.05 i=43 beta=0.0849000 R=284.57295583 alpha=(0.466677153,-1.531e-09) res=7.303e-19 overlap=1.00000000 jump=4.670e-03 OK
2026-07-14T17:33:22.640  POINT Tw=1.05 i=44 beta=0.0841000 R=283.02901730 alpha=(0.461959524,-1.504e-09) res=7.005e-19 overlap=1.00000000 jump=4.718e-03 OK
2026-07-14T17:33:29.333  POINT Tw=1.05 i=45 beta=0.0833000 R=281.57507876 alpha=(0.457193815,+4.369e-08) res=7.765e-19 overlap=1.00000000 jump=4.766e-03 OK
2026-07-14T17:33:38.083  POINT Tw=1.05 i=46 beta=0.0825000 R=280.21236429 alpha=(0.452379123,-1.779e-11) res=7.728e-19 overlap=1.00000000 jump=4.815e-03 OK
2026-07-14T17:33:49.123  POINT Tw=1.05 i=47 beta=0.0817000 R=278.94171837 alpha=(0.447514559,-2.770e-11) res=6.699e-19 overlap=1.00000000 jump=4.865e-03 OK
2026-07-14T17:33:57.290  POINT Tw=1.05 i=48 beta=0.0809000 R=277.76462506 alpha=(0.442599202,-3.939e-11) res=7.889e-19 overlap=1.00000000 jump=4.915e-03 OK
2026-07-14T17:34:05.604  POINT Tw=1.05 i=49 beta=0.0801000 R=276.68271934 alpha=(0.437632119,-4.369e-11) res=7.173e-19 overlap=1.00000000 jump=4.967e-03 OK
2026-07-14T17:34:14.373  POINT Tw=1.05 i=50 beta=0.0793000 R=275.69790071 alpha=(0.432612365,-3.673e-11) res=8.392e-19 overlap=1.00000000 jump=5.020e-03 OK
2026-07-14T17:34:27.830  POINT Tw=1.05 i=51 beta=0.0785000 R=274.81234917 alpha=(0.427538984,-3.538e-13) res=6.371e-19 overlap=1.00000000 jump=5.073e-03 OK
2026-07-14T17:34:37.705  POINT Tw=1.05 i=52 beta=0.0777000 R=274.02854360 alpha=(0.422411005,-4.289e-13) res=6.748e-19 overlap=1.00000000 jump=5.128e-03 OK
2026-07-14T17:34:48  POINT Tw=1.05 i=53 beta=0.0769000 R=273.34928201 alpha=(0.417227449,-4.436e-13) res=6.642e-19 overlap=1.00000000 jump=5.184e-03 OK
2026-07-14T17:35:00.746  POINT Tw=1.05 i=54 beta=0.0761000 R=272.77770497 alpha=(0.411987326,-4.993e-13) res=6.990e-19 overlap=1.00000000 jump=5.240e-03 OK
2026-07-14T17:35:10.681  POINT Tw=1.05 i=55 beta=0.0753000 R=272.31732172 alpha=(0.406689637,-5.311e-13) res=6.423e-19 overlap=1.00000000 jump=5.298e-03 OK
2026-07-14T17:35:20.711  POINT Tw=1.05 i=56 beta=0.0745000 R=271.97203951 alpha=(0.401333377,-5.604e-13) res=6.950e-19 overlap=1.00000000 jump=5.356e-03 OK
2026-07-14T17:35:33.779  POINT Tw=1.05 i=57 beta=0.0737000 R=271.74619657 alpha=(0.395917532,-5.828e-13) res=8.183e-19 overlap=1.00000000 jump=5.416e-03 OK
2026-07-14T17:35:44.403  POINT Tw=1.05 i=58 beta=0.0729000 R=271.64459923 alpha=(0.390441087,-6.540e-13) res=6.091e-19 overlap=1.00000000 jump=5.476e-03 OK
2026-07-14T17:35:54.181  POINT Tw=1.05 i=59 beta=0.0721000 R=271.67256342 alpha=(0.384903018,-6.884e-13) res=7.696e-19 overlap=1.00000000 jump=5.538e-03 OK
2026-07-14T17:36:07.162  POINT Tw=1.05 i=60 beta=0.0713000 R=271.83596149 alpha=(0.379302302,-7.379e-13) res=5.861e-19 overlap=1.00000000 jump=5.601e-03 OK
2026-07-14T17:36:17.344  POINT Tw=1.05 i=61 beta=0.0705000 R=272.14127465 alpha=(0.373637911,-8.284e-13) res=5.447e-19 overlap=1.00000000 jump=5.664e-03 OK
2026-07-14T17:36:27.230  POINT Tw=1.05 i=62 beta=0.0697000 R=272.59565211 alpha=(0.367908815,-8.547e-13) res=7.291e-19 overlap=1.00000000 jump=5.729e-03 OK
2026-07-14T17:36:39.446  POINT Tw=1.05 i=63 beta=0.0689000 R=273.20697751 alpha=(0.362113984,-9.455e-13) res=6.611e-19 overlap=1.00000000 jump=5.795e-03 OK
2026-07-14T17:36:50.077  POINT Tw=1.05 i=64 beta=0.0681000 R=273.98394399 alpha=(0.356252377,-1.017e-12) res=7.759e-19 overlap=1.00000000 jump=5.862e-03 OK
2026-07-14T17:36:59.989  POINT Tw=1.05 i=65 beta=0.0673000 R=274.93613882 alpha=(0.350322951,-1.126e-12) res=6.493e-19 overlap=1.00000000 jump=5.929e-03 OK
2026-07-14T17:37:12.705  POINT Tw=1.05 i=66 beta=0.0665000 R=276.07413916 alpha=(0.344324647,-1.205e-12) res=5.900e-19 overlap=1.00000000 jump=5.998e-03 OK
2026-07-14T17:37:23.041  POINT Tw=1.05 i=67 beta=0.0657000 R=277.40962063 alpha=(0.338256383,-1.267e-12) res=8.268e-19 overlap=1.00000000 jump=6.068e-03 OK
2026-07-14T17:37:32.812  POINT Tw=1.05 i=68 beta=0.0649000 R=278.95548052 alpha=(0.332117044,-1.378e-12) res=6.561e-19 overlap=1.00000000 jump=6.139e-03 OK
2026-07-14T17:37:42.638  POINT Tw=1.05 i=69 beta=0.0641000 R=280.72597815 alpha=(0.325905463,-1.461e-12) res=1.045e-18 overlap=1.00000000 jump=6.212e-03 OK
2026-07-14T17:37:56.186  POINT Tw=1.05 i=70 beta=0.0633000 R=282.73689501 alpha=(0.319620396,-1.509e-12) res=6.093e-19 overlap=1.00000000 jump=6.285e-03 OK
2026-07-14T17:38:05.958  POINT Tw=1.05 i=71 beta=0.0625000 R=285.00571805 alpha=(0.313260482,-1.568e-12) res=6.422e-19 overlap=1.00000000 jump=6.360e-03 OK
2026-07-14T17:38:15.707  POINT Tw=1.05 i=72 beta=0.0617000 R=287.55185026 alpha=(0.306824198,-1.606e-12) res=6.155e-19 overlap=1.00000000 jump=6.436e-03 OK
2026-07-14T17:38:28.269  POINT Tw=1.05 i=73 beta=0.0609000 R=290.39685304 alpha=(0.300309783,-1.605e-12) res=7.638e-19 overlap=1.00000000 jump=6.514e-03 OK
2026-07-14T17:38:37.853  POINT Tw=1.05 i=74 beta=0.0601000 R=293.56472648 alpha=(0.293715143,-1.585e-12) res=6.238e-19 overlap=1.00000000 jump=6.595e-03 OK
2026-07-14T17:38:47.523  POINT Tw=1.05 i=75 beta=0.0593000 R=297.08223409 alpha=(0.287037704,-1.470e-12) res=6.883e-19 overlap=1.00000000 jump=6.677e-03 OK
2026-07-14T17:39:01.235  POINT Tw=1.05 i=76 beta=0.0585000 R=300.97928010 alpha=(0.280274219,-1.296e-12) res=7.017e-19 overlap=1.00000000 jump=6.763e-03 OK
2026-07-14T17:39:10.686  POINT Tw=1.05 i=77 beta=0.0577000 R=305.28927152 alpha=(0.273420490,+4.638e-08) res=5.717e-19 overlap=1.00000000 jump=6.854e-03 OK
2026-07-14T17:39:21.718  POINT Tw=1.05 i=78 beta=0.0569000 R=310.05000953 alpha=(0.266470868,-3.778e-14) res=6.191e-19 overlap=1.00000000 jump=6.950e-03 OK
2026-07-14T17:39:36.285  POINT Tw=1.05 i=79 beta=0.0561000 R=315.30350715 alpha=(0.259417775,-2.302e-14) res=7.243e-19 overlap=1.00000000 jump=7.053e-03 OK
2026-07-14T17:39:41.025  POINT Tw=1.05 i=80 beta=0.0553000 R=321.09750737 alpha=(0.252250546,-5.996e-08) res=5.640e-19 overlap=0.99999970 jump=7.167e-03 OK
2026-07-14T17:39:45.831  POINT Tw=1.05 i=81 beta=0.0545000 R=327.48526498 alpha=(0.244954061,+8.566e-09) res=9.048e-19 overlap=0.99999974 jump=7.296e-03 OK
2026-07-14T17:39:50.582  POINT Tw=1.05 i=82 beta=0.0537000 R=334.52712799 alpha=(0.237505878,+8.665e-08) res=5.784e-19 overlap=0.99999979 jump=7.448e-03 OK
2026-07-14T17:40:01.056  POINT Tw=1.05 i=83 beta=0.0529000 R=342.29018403 alpha=(0.229871620,+5.686e-13) res=6.815e-19 overlap=1.00000000 jump=7.634e-03 OK
2026-07-14T17:40:13.854  POINT Tw=1.05 i=84 beta=0.0521000 R=350.84578658 alpha=(0.221996100,+9.913e-13) res=8.489e-19 overlap=1.00000000 jump=7.876e-03 OK
2026-07-14T17:40:23.258  POINT Tw=1.05 i=85 beta=0.0513000 R=360.26330405 alpha=(0.213783273,+1.046e-12) res=5.480e-19 overlap=1.00000000 jump=8.213e-03 OK
2026-07-14T17:40:32.794  POINT Tw=1.05 i=86 beta=0.0505000 R=370.57960603 alpha=(0.205046069,+1.004e-12) res=7.086e-19 overlap=1.00000000 jump=8.737e-03 OK
2026-07-14T17:40:45.494  POINT Tw=1.05 i=87 beta=0.0497000 R=381.65805760 alpha=(0.195337782,+1.737e-12) res=5.942e-19 overlap=1.00000000 jump=9.708e-03 OK
2026-07-14T17:40:53.338  POINT Tw=1.05 i=88 beta=0.0489000 R=391.96523589 alpha=(0.182947039,-1.847e-08) res=8.621e-19 overlap=1.00000000 jump=1.239e-02 OK
2026-07-14T17:42:01.817  POINT Tw=1.05 i=89 beta=0.0481000 R=370.86490024 alpha=(0.160667077,+2.380e-08) res=6.714e-19 overlap=0.99999988 jump=2.228e-02 OK
2026-07-14T17:42:28.436  POINT Tw=1.05 i=90 beta=0.0473000 R=357.29609049 alpha=(0.152063828,+4.895e-09) res=6.649e-19 overlap=0.99999991 jump=8.603e-03 OK
2026-07-14T17:42:53.124  POINT Tw=1.05 i=91 beta=0.0465000 R=352.04928842 alpha=(0.146140779,+3.224e-09) res=9.652e-19 overlap=0.99999997 jump=5.923e-03 OK
2026-07-14T17:43:12.951  POINT Tw=1.05 i=92 beta=0.0457000 R=350.14501706 alpha=(0.141085729,+1.361e-09) res=7.569e-19 overlap=0.99999997 jump=5.055e-03 OK
2026-07-14T17:43:30.494  POINT Tw=1.05 i=93 beta=0.0449000 R=350.26637203 alpha=(0.136491982,-7.694e-12) res=7.253e-19 overlap=1.00000000 jump=4.594e-03 OK
2026-07-14T17:43:40.540  POINT Tw=1.05 i=94 beta=0.0441000 R=351.85154651 alpha=(0.132196521,-3.338e-09) res=8.745e-19 overlap=0.99999995 jump=4.295e-03 OK
2026-07-14T17:43:48.870  POINT Tw=1.05 i=95 beta=0.0433000 R=354.60997695 alpha=(0.128116427,-3.072e-09) res=9.520e-19 overlap=0.99999999 jump=4.080e-03 OK
