Adaptive Lopez neutral curve started at 2026-07-14T22:01:37.795
2026-07-14T22:01:44.471  SEGMENT 1 start=0.1185 end=0.0553 step=-0.0008
2026-07-14T22:02:14.611  POINT i=1 beta=0.1185000 R=495.20596589 alpha=(0.671649280,-3.669e-08) res=9.130e-19 overlap=1.00000000 jump=0.000e+00 step=-8.0e-04 OK
2026-07-14T22:02:23.317  POINT i=2 beta=0.1177000 R=484.38122665 alpha=(0.668146952,-4.520e-10) res=1.007e-18 overlap=1.00000000 jump=3.502e-03 step=-8.0e-04 OK
2026-07-14T22:02:32.496  POINT i=3 beta=0.1169000 R=474.16898366 alpha=(0.664634617,-6.207e-08) res=7.778e-19 overlap=0.99999998 jump=3.512e-03 step=-8.0e-04 OK
2026-07-14T22:02:44.305  POINT i=4 beta=0.1161000 R=464.51036457 alpha=(0.661110131,-6.935e-08) res=9.359e-19 overlap=0.99999998 jump=3.524e-03 step=-8.0e-04 OK
2026-07-14T22:02:52.674  POINT i=5 beta=0.1153000 R=455.35606890 alpha=(0.657571614,-7.506e-08) res=7.131e-19 overlap=0.99999997 jump=3.539e-03 step=-8.0e-04 OK
2026-07-14T22:03:01.125  POINT i=6 beta=0.1145000 R=446.66245273 alpha=(0.654017410,-7.961e-08) res=8.012e-19 overlap=0.99999997 jump=3.554e-03 step=-8.0e-04 OK
2026-07-14T22:03:10.409  POINT i=7 beta=0.1137000 R=438.39117394 alpha=(0.650446051,-8.324e-08) res=9.228e-19 overlap=0.99999998 jump=3.571e-03 step=-8.0e-04 OK
2026-07-14T22:03:21.842  POINT i=8 beta=0.1129000 R=430.50842122 alpha=(0.646856222,-8.612e-08) res=8.099e-19 overlap=0.99999998 jump=3.590e-03 step=-8.0e-04 OK
2026-07-14T22:03:31.133  POINT i=9 beta=0.1121000 R=422.98426821 alpha=(0.643246730,-8.841e-08) res=7.233e-19 overlap=0.99999998 jump=3.609e-03 step=-8.0e-04 OK
2026-07-14T22:03:40.126  POINT i=10 beta=0.1113000 R=415.79213249 alpha=(0.639616489,-9.024e-08) res=6.914e-19 overlap=0.99999999 jump=3.630e-03 step=-8.0e-04 OK
2026-07-14T22:03:51.158  POINT i=11 beta=0.1105000 R=408.90832130 alpha=(0.635964494,-9.169e-08) res=9.814e-19 overlap=0.99999999 jump=3.652e-03 step=-8.0e-04 OK
2026-07-14T22:04:00.104  POINT i=12 beta=0.1097000 R=402.31164877 alpha=(0.632289815,-9.286e-08) res=8.487e-19 overlap=0.99999999 jump=3.675e-03 step=-8.0e-04 OK
2026-07-14T22:04:08.699  POINT i=13 beta=0.1089000 R=395.98311242 alpha=(0.628591577,-9.381e-08) res=9.648e-19 overlap=0.99999999 jump=3.698e-03 step=-8.0e-04 OK
2026-07-14T22:04:16.961  POINT i=14 beta=0.1081000 R=389.90561879 alpha=(0.624868952,-9.457e-08) res=8.242e-19 overlap=0.99999999 jump=3.723e-03 step=-8.0e-04 OK
2026-07-14T22:04:28.120  POINT i=15 beta=0.1073000 R=384.06374991 alpha=(0.621121152,-9.521e-08) res=8.283e-19 overlap=0.99999999 jump=3.748e-03 step=-8.0e-04 OK
2026-07-14T22:04:36.752  POINT i=16 beta=0.1065000 R=378.44356385 alpha=(0.617347421,-9.574e-08) res=7.945e-19 overlap=0.99999999 jump=3.774e-03 step=-8.0e-04 OK
2026-07-14T22:04:44.683  POINT i=17 beta=0.1057000 R=373.03242383 alpha=(0.613547027,-9.621e-08) res=8.837e-19 overlap=0.99999999 jump=3.800e-03 step=-8.0e-04 OK
2026-07-14T22:04:53.620  POINT i=18 beta=0.1049000 R=367.81885122 alpha=(0.609719257,-9.663e-08) res=8.491e-19 overlap=0.99999999 jump=3.828e-03 step=-8.0e-04 OK
2026-07-14T22:05:04.839  POINT i=19 beta=0.1041000 R=362.79239883 alpha=(0.605863416,-9.702e-08) res=8.705e-19 overlap=0.99999999 jump=3.856e-03 step=-8.0e-04 OK
2026-07-14T22:05:13.651  POINT i=20 beta=0.1033000 R=357.94354115 alpha=(0.601978817,-9.740e-08) res=8.013e-19 overlap=1.00000000 jump=3.885e-03 step=-8.0e-04 OK
2026-07-14T22:05:22.205  POINT i=21 beta=0.1025000 R=353.26357923 alpha=(0.598064784,-9.778e-08) res=7.134e-19 overlap=1.00000000 jump=3.914e-03 step=-8.0e-04 OK
2026-07-14T22:05:33.470  POINT i=22 beta=0.1017000 R=348.74455784 alpha=(0.594120643,-9.818e-08) res=8.010e-19 overlap=1.00000000 jump=3.944e-03 step=-8.0e-04 OK
2026-07-14T22:05:42.059  POINT i=23 beta=0.1009000 R=344.37919320 alpha=(0.590145724,-9.860e-08) res=7.108e-19 overlap=1.00000000 jump=3.975e-03 step=-8.0e-04 OK
2026-07-14T22:05:50.400  POINT i=24 beta=0.1001000 R=340.16080986 alpha=(0.586139357,-9.906e-08) res=9.186e-19 overlap=1.00000000 jump=4.006e-03 step=-8.0e-04 OK
2026-07-14T22:05:59.289  POINT i=25 beta=0.0993000 R=336.08328535 alpha=(0.582100868,-9.956e-08) res=6.034e-19 overlap=1.00000000 jump=4.038e-03 step=-8.0e-04 OK
2026-07-14T22:06:16.916  POINT i=26 beta=0.0985000 R=332.14059998 alpha=(0.578029592,-3.150e-13) res=7.528e-19 overlap=1.00000000 jump=4.071e-03 step=-8.0e-04 OK
2026-07-14T22:06:32.967  POINT i=27 beta=0.0977000 R=328.32841031 alpha=(0.573924823,-2.954e-13) res=8.271e-19 overlap=1.00000000 jump=4.105e-03 step=-8.0e-04 OK
2026-07-14T22:06:50.088  POINT i=28 beta=0.0969000 R=324.64157213 alpha=(0.569785883,-3.208e-13) res=8.501e-19 overlap=1.00000000 jump=4.139e-03 step=-8.0e-04 OK
2026-07-14T22:07:05.673  POINT i=29 beta=0.0961000 R=321.07574435 alpha=(0.565612072,-2.873e-13) res=8.299e-19 overlap=1.00000000 jump=4.174e-03 step=-8.0e-04 OK
2026-07-14T22:07:21.714  POINT i=30 beta=0.0953000 R=317.62694786 alpha=(0.561402683,-2.836e-13) res=7.399e-19 overlap=1.00000000 jump=4.209e-03 step=-8.0e-04 OK
2026-07-14T22:07:36.197  POINT i=31 beta=0.0945000 R=314.29153993 alpha=(0.557156994,-2.796e-13) res=7.099e-19 overlap=1.00000000 jump=4.246e-03 step=-8.0e-04 OK
2026-07-14T22:07:54.069  POINT i=32 beta=0.0937000 R=311.06619163 alpha=(0.552874273,-2.748e-13) res=7.669e-19 overlap=1.00000000 jump=4.283e-03 step=-8.0e-04 OK
2026-07-14T22:08:08.928  POINT i=33 beta=0.0929000 R=307.94786811 alpha=(0.548553774,-2.864e-13) res=7.046e-19 overlap=1.00000000 jump=4.320e-03 step=-8.0e-04 OK
2026-07-14T22:08:26.491  POINT i=34 beta=0.0921000 R=304.93381131 alpha=(0.544194737,-2.594e-13) res=8.647e-19 overlap=1.00000000 jump=4.359e-03 step=-8.0e-04 OK
2026-07-14T22:08:41.308  POINT i=35 beta=0.0913000 R=302.02152493 alpha=(0.539796385,-2.823e-13) res=8.254e-19 overlap=1.00000000 jump=4.398e-03 step=-8.0e-04 OK
2026-07-14T22:08:58.910  POINT i=36 beta=0.0905000 R=299.20876142 alpha=(0.535357927,-3.090e-13) res=8.789e-19 overlap=1.00000000 jump=4.438e-03 step=-8.0e-04 OK
2026-07-14T22:09:12.338  POINT i=37 beta=0.0897000 R=296.49351094 alpha=(0.530878554,-2.382e-11) res=6.647e-19 overlap=1.00000000 jump=4.479e-03 step=-8.0e-04 OK
2026-07-14T22:09:25.325  POINT i=38 beta=0.0889000 R=293.87399167 alpha=(0.526357438,-3.221e-11) res=7.773e-19 overlap=1.00000000 jump=4.521e-03 step=-8.0e-04 OK
2026-07-14T22:09:42.055  POINT i=39 beta=0.0881000 R=291.34864236 alpha=(0.521793733,-3.305e-11) res=6.311e-19 overlap=1.00000000 jump=4.564e-03 step=-8.0e-04 OK
2026-07-14T22:09:55.670  POINT i=40 beta=0.0873000 R=288.91611585 alpha=(0.517186575,-2.842e-11) res=7.023e-19 overlap=1.00000000 jump=4.607e-03 step=-8.0e-04 OK
2026-07-14T22:10:10.703  POINT i=41 beta=0.0865000 R=286.57527429 alpha=(0.512535077,-2.027e-11) res=9.032e-19 overlap=1.00000000 jump=4.651e-03 step=-8.0e-04 OK
2026-07-14T22:10:23.892  POINT i=42 beta=0.0857000 R=284.32543272 alpha=(0.507838325,-9.522e-08) res=7.797e-19 overlap=1.00000000 jump=4.697e-03 step=-8.0e-04 OK
2026-07-14T22:10:35.213  POINT i=43 beta=0.0849000 R=282.16512499 alpha=(0.503095415,-1.439e-09) res=6.547e-19 overlap=1.00000000 jump=4.743e-03 step=-8.0e-04 OK
2026-07-14T22:10:48.530  POINT i=44 beta=0.0841000 R=280.09455960 alpha=(0.498305374,-1.455e-09) res=7.881e-19 overlap=1.00000000 jump=4.790e-03 step=-8.0e-04 OK
2026-07-14T22:10:58.937  POINT i=45 beta=0.0833000 R=278.11317108 alpha=(0.493467236,-1.570e-09) res=6.436e-19 overlap=1.00000000 jump=4.838e-03 step=-8.0e-04 OK
2026-07-14T22:11:10.384  POINT i=46 beta=0.0825000 R=276.22084196 alpha=(0.488580005,-1.629e-09) res=6.714e-19 overlap=1.00000000 jump=4.887e-03 step=-8.0e-04 OK
2026-07-14T22:11:23.274  POINT i=47 beta=0.0817000 R=274.41766353 alpha=(0.483642661,-1.662e-09) res=6.565e-19 overlap=1.00000000 jump=4.937e-03 step=-8.0e-04 OK
2026-07-14T22:11:33.810  POINT i=48 beta=0.0809000 R=272.70393985 alpha=(0.478654161,-1.664e-09) res=8.140e-19 overlap=1.00000000 jump=4.989e-03 step=-8.0e-04 OK
2026-07-14T22:11:44.523  POINT i=49 beta=0.0801000 R=271.08019384 alpha=(0.473613434,-1.632e-09) res=7.576e-19 overlap=1.00000000 jump=5.041e-03 step=-8.0e-04 OK
2026-07-14T22:12:02.560  POINT i=50 beta=0.0793000 R=269.54717138 alpha=(0.468519387,-3.855e-13) res=6.517e-19 overlap=1.00000000 jump=5.094e-03 step=-8.0e-04 OK
2026-07-14T22:12:14.917  POINT i=51 beta=0.0785000 R=268.10586434 alpha=(0.463370901,-2.703e-11) res=6.151e-19 overlap=1.00000000 jump=5.148e-03 step=-8.0e-04 OK
2026-07-14T22:12:29.704  POINT i=52 beta=0.0777000 R=266.75750015 alpha=(0.458166828,-4.041e-11) res=6.630e-19 overlap=1.00000000 jump=5.204e-03 step=-8.0e-04 OK
2026-07-14T22:12:43.239  POINT i=53 beta=0.0769000 R=265.50356902 alpha=(0.452905998,-4.911e-11) res=7.187e-19 overlap=1.00000000 jump=5.261e-03 step=-8.0e-04 OK
2026-07-14T22:12:57.010  POINT i=54 beta=0.0761000 R=264.34583500 alpha=(0.447587211,-4.793e-11) res=6.039e-19 overlap=1.00000000 jump=5.319e-03 step=-8.0e-04 OK
2026-07-14T22:13:12.444  POINT i=55 beta=0.0753000 R=263.28635299 alpha=(0.442209242,-2.994e-11) res=7.054e-19 overlap=1.00000000 jump=5.378e-03 step=-8.0e-04 OK
2026-07-14T22:13:26.954  POINT i=56 beta=0.0745000 R=262.32748827 alpha=(0.436770840,-5.089e-13) res=5.695e-19 overlap=1.00000000 jump=5.438e-03 step=-8.0e-04 OK
2026-07-14T22:13:44.577  POINT i=57 beta=0.0737000 R=261.47193865 alpha=(0.431270722,-5.292e-13) res=7.359e-19 overlap=1.00000000 jump=5.500e-03 step=-8.0e-04 OK
2026-07-14T22:13:59.078  POINT i=58 beta=0.0729000 R=260.72275955 alpha=(0.425707583,-5.644e-13) res=6.112e-19 overlap=1.00000000 jump=5.563e-03 step=-8.0e-04 OK
2026-07-14T22:14:16.640  POINT i=59 beta=0.0721000 R=260.08339274 alpha=(0.420080084,-6.249e-13) res=6.619e-19 overlap=1.00000000 jump=5.627e-03 step=-8.0e-04 OK
2026-07-14T22:14:31.252  POINT i=60 beta=0.0713000 R=259.55769868 alpha=(0.414386861,-7.094e-13) res=6.302e-19 overlap=1.00000000 jump=5.693e-03 step=-8.0e-04 OK
2026-07-14T22:14:48.272  POINT i=61 beta=0.0705000 R=259.14999319 alpha=(0.408626516,-7.484e-13) res=7.195e-19 overlap=1.00000000 jump=5.760e-03 step=-8.0e-04 OK
2026-07-14T22:15:02.993  POINT i=62 beta=0.0697000 R=258.86508895 alpha=(0.402797623,-8.065e-13) res=5.687e-19 overlap=1.00000000 jump=5.829e-03 step=-8.0e-04 OK
2026-07-14T22:15:19.901  POINT i=63 beta=0.0689000 R=258.70834247 alpha=(0.396898718,-9.001e-13) res=7.236e-19 overlap=1.00000000 jump=5.899e-03 step=-8.0e-04 OK
2026-07-14T22:15:36.260  POINT i=64 beta=0.0681000 R=258.68570736 alpha=(0.390928302,-9.730e-13) res=6.555e-19 overlap=1.00000000 jump=5.970e-03 step=-8.0e-04 OK
2026-07-14T22:15:53.804  POINT i=65 beta=0.0673000 R=258.80379472 alpha=(0.384884835,-1.034e-12) res=7.454e-19 overlap=1.00000000 jump=6.043e-03 step=-8.0e-04 OK
2026-07-14T22:16:08.858  POINT i=66 beta=0.0665000 R=259.06994173 alpha=(0.378766727,-1.173e-12) res=5.725e-19 overlap=1.00000000 jump=6.118e-03 step=-8.0e-04 OK
2026-07-14T22:16:24.022  POINT i=67 beta=0.0657000 R=259.49228977 alpha=(0.372572336,-1.277e-12) res=6.873e-19 overlap=1.00000000 jump=6.194e-03 step=-8.0e-04 OK
2026-07-14T22:16:40.052  POINT i=68 beta=0.0649000 R=260.07987342 alpha=(0.366299948,-1.411e-12) res=5.296e-19 overlap=1.00000000 jump=6.272e-03 step=-8.0e-04 OK
2026-07-14T22:16:55.045  POINT i=69 beta=0.0641000 R=260.84272233 alpha=(0.359947768,-1.561e-12) res=8.589e-19 overlap=1.00000000 jump=6.352e-03 step=-8.0e-04 OK
2026-07-14T22:17:11.957  POINT i=70 beta=0.0633000 R=261.79197786 alpha=(0.353513897,-1.701e-12) res=6.728e-19 overlap=1.00000000 jump=6.434e-03 step=-8.0e-04 OK
2026-07-14T22:17:25.521  POINT i=71 beta=0.0625000 R=262.94002743 alpha=(0.346996295,-1.893e-12) res=6.021e-19 overlap=1.00000000 jump=6.518e-03 step=-8.0e-04 OK
2026-07-14T22:17:42.808  POINT i=72 beta=0.0617000 R=264.30065949 alpha=(0.340392750,-2.030e-12) res=6.965e-19 overlap=1.00000000 jump=6.604e-03 step=-8.0e-04 OK
2026-07-14T22:17:56.445  POINT i=73 beta=0.0609000 R=265.88924335 alpha=(0.333700811,-2.186e-12) res=5.765e-19 overlap=1.00000000 jump=6.692e-03 step=-8.0e-04 OK
2026-07-14T22:18:13.577  POINT i=74 beta=0.0601000 R=267.72293857 alpha=(0.326917712,-2.344e-12) res=6.597e-19 overlap=1.00000000 jump=6.783e-03 step=-8.0e-04 OK
2026-07-14T22:18:27.280  POINT i=75 beta=0.0593000 R=269.82094035 alpha=(0.320040259,-2.534e-12) res=7.453e-19 overlap=1.00000000 jump=6.877e-03 step=-8.0e-04 OK
2026-07-14T22:18:44.630  POINT i=76 beta=0.0585000 R=272.20476871 alpha=(0.313064673,-2.619e-12) res=7.033e-19 overlap=1.00000000 jump=6.976e-03 step=-8.0e-04 OK
2026-07-14T22:18:57.536  POINT i=77 beta=0.0577000 R=274.89861142 alpha=(0.305986363,-2.656e-12) res=7.513e-19 overlap=1.00000000 jump=7.078e-03 step=-8.0e-04 OK
2026-07-14T22:19:12.088  POINT i=78 beta=0.0569000 R=277.92973384 alpha=(0.298799595,-2.587e-12) res=6.082e-19 overlap=1.00000000 jump=7.187e-03 step=-8.0e-04 OK
2026-07-14T22:19:28.520  POINT i=79 beta=0.0561000 R=281.32897181 alpha=(0.291497013,-2.439e-12) res=5.814e-19 overlap=1.00000000 jump=7.303e-03 step=-8.0e-04 OK
2026-07-14T22:19:42.256  POINT i=80 beta=0.0553000 R=285.13132823 alpha=(0.284068898,-2.084e-12) res=6.766e-19 overlap=1.00000000 jump=7.428e-03 step=-8.0e-04 OK
2026-07-14T22:19:42.291  SEGMENT 2 start=0.0551 end=0.0401 step=-0.0002
2026-07-14T22:19:50.857  POINT i=81 beta=0.0551000 R=286.14951169 alpha=(0.282190794,-3.677e-08) res=5.657e-19 overlap=0.99999999 jump=1.878e-03 step=-2.0e-04 OK
2026-07-14T22:20:01.127  POINT i=82 beta=0.0549000 R=287.19599321 alpha=(0.280303799,-4.623e-08) res=7.185e-19 overlap=0.99999999 jump=1.887e-03 step=-2.0e-04 OK
2026-07-14T22:20:15.998  POINT i=83 beta=0.0547000 R=288.27143400 alpha=(0.278407648,-6.792e-10) res=7.425e-19 overlap=1.00000000 jump=1.896e-03 step=-2.0e-04 OK
2026-07-14T22:20:27.005  POINT i=84 beta=0.0545000 R=289.37669775 alpha=(0.276502015,-6.279e-10) res=7.166e-19 overlap=1.00000000 jump=1.906e-03 step=-2.0e-04 OK
2026-07-14T22:20:36.932  POINT i=85 beta=0.0543000 R=290.51247030 alpha=(0.274586584,-5.757e-10) res=7.086e-19 overlap=1.00000000 jump=1.915e-03 step=-2.0e-04 OK
2026-07-14T22:20:47.376  POINT i=86 beta=0.0541000 R=291.67952727 alpha=(0.272660998,-5.201e-10) res=6.617e-19 overlap=1.00000000 jump=1.926e-03 step=-2.0e-04 OK
2026-07-14T22:20:57.285  POINT i=87 beta=0.0539000 R=292.87867185 alpha=(0.270724858,-4.618e-10) res=6.025e-19 overlap=1.00000000 jump=1.936e-03 step=-2.0e-04 OK
2026-07-14T22:21:09.976  POINT i=88 beta=0.0537000 R=294.11073584 alpha=(0.268777730,-4.009e-10) res=5.681e-19 overlap=1.00000000 jump=1.947e-03 step=-2.0e-04 OK
2026-07-14T22:21:21.450  POINT i=89 beta=0.0535000 R=295.37658078 alpha=(0.266819127,-3.377e-10) res=6.439e-19 overlap=1.00000000 jump=1.959e-03 step=-2.0e-04 OK
2026-07-14T22:21:31.359  POINT i=90 beta=0.0533000 R=296.67709905 alpha=(0.264848513,-2.726e-10) res=5.219e-19 overlap=1.00000000 jump=1.971e-03 step=-2.0e-04 OK
2026-07-14T22:21:41.619  POINT i=91 beta=0.0531000 R=298.01321490 alpha=(0.262865288,-2.060e-10) res=6.384e-19 overlap=1.00000000 jump=1.983e-03 step=-2.0e-04 OK
2026-07-14T22:21:53.657  POINT i=92 beta=0.0529000 R=299.38588537 alpha=(0.260868781,-1.386e-10) res=7.166e-19 overlap=1.00000000 jump=1.997e-03 step=-2.0e-04 OK
2026-07-14T22:22:05.147  POINT i=93 beta=0.0527000 R=300.79610116 alpha=(0.258858238,-7.128e-11) res=4.969e-19 overlap=1.00000000 jump=2.011e-03 step=-2.0e-04 OK
2026-07-14T22:22:15.456  POINT i=94 beta=0.0525000 R=302.24488714 alpha=(0.256832812,-5.073e-12) res=7.847e-19 overlap=1.00000000 jump=2.025e-03 step=-2.0e-04 OK
2026-07-14T22:22:27.473  POINT i=95 beta=0.0523000 R=303.73330255 alpha=(0.254791541,+5.851e-11) res=7.039e-19 overlap=1.00000000 jump=2.041e-03 step=-2.0e-04 OK
2026-07-14T22:22:38.133  POINT i=96 beta=0.0521000 R=305.26244073 alpha=(0.252733331,+1.176e-10) res=8.119e-19 overlap=1.00000000 jump=2.058e-03 step=-2.0e-04 OK
2026-07-14T22:22:47.762  POINT i=97 beta=0.0519000 R=306.83342794 alpha=(0.250656929,+1.697e-10) res=6.497e-19 overlap=1.00000000 jump=2.076e-03 step=-2.0e-04 OK
2026-07-14T22:23:00.022  POINT i=98 beta=0.0517000 R=308.44742116 alpha=(0.248560895,+2.118e-10) res=5.660e-19 overlap=1.00000000 jump=2.096e-03 step=-2.0e-04 OK
2026-07-14T22:23:10.214  POINT i=99 beta=0.0515000 R=310.10560409 alpha=(0.246443562,+2.400e-10) res=8.568e-19 overlap=1.00000000 jump=2.117e-03 step=-2.0e-04 OK
2026-07-14T22:23:21.846  POINT i=100 beta=0.0513000 R=311.80928702 alpha=(0.244302950,-8.320e-08) res=8.145e-19 overlap=1.00000000 jump=2.141e-03 step=-2.0e-04 OK
2026-07-14T22:23:36.791  POINT i=101 beta=0.0511000 R=313.55936556 alpha=(0.242136860,+7.448e-12) res=8.304e-19 overlap=1.00000000 jump=2.166e-03 step=-2.0e-04 OK
2026-07-14T22:23:49.209  POINT i=102 beta=0.0509000 R=315.35736659 alpha=(0.239942480,+1.101e-11) res=7.166e-19 overlap=1.00000000 jump=2.194e-03 step=-2.0e-04 OK
2026-07-14T22:24:00.558  POINT i=103 beta=0.0507000 R=317.20436315 alpha=(0.237716577,+8.794e-12) res=8.038e-19 overlap=1.00000000 jump=2.226e-03 step=-2.0e-04 OK
2026-07-14T22:24:11.721  POINT i=104 beta=0.0505000 R=319.10139960 alpha=(0.235455206,+5.658e-08) res=6.684e-19 overlap=0.99999999 jump=2.261e-03 step=-2.0e-04 OK
2026-07-14T22:24:19.715  POINT i=105 beta=0.0503000 R=321.04958534 alpha=(0.233153444,+6.896e-08) res=7.242e-19 overlap=0.99999999 jump=2.302e-03 step=-2.0e-04 OK
2026-07-14T22:24:26.949  POINT i=106 beta=0.0501000 R=323.04963452 alpha=(0.230805186,+8.303e-08) res=5.599e-19 overlap=0.99999999 jump=2.348e-03 step=-2.0e-04 OK
2026-07-14T22:24:35.785  POINT i=107 beta=0.0499000 R=325.10195051 alpha=(0.228402615,+9.892e-08) res=6.288e-19 overlap=0.99999999 jump=2.403e-03 step=-2.0e-04 OK
2026-07-14T22:24:54.267  POINT i=108 beta=0.0497000 R=327.20644369 alpha=(0.225935452,+2.368e-13) res=6.548e-19 overlap=1.00000000 jump=2.467e-03 step=-2.0e-04 OK
2026-07-14T22:25:10.226  POINT i=109 beta=0.0495000 R=329.36161561 alpha=(0.223389986,+2.386e-13) res=6.001e-19 overlap=1.00000000 jump=2.545e-03 step=-2.0e-04 OK
2026-07-14T22:25:25.132  POINT i=110 beta=0.0493000 R=331.56445730 alpha=(0.220746872,+4.401e-11) res=6.484e-19 overlap=1.00000000 jump=2.643e-03 step=-2.0e-04 OK
2026-07-14T22:25:34.759  POINT i=111 beta=0.0491000 R=333.80842374 alpha=(0.217977723,+2.673e-09) res=8.780e-19 overlap=1.00000000 jump=2.769e-03 step=-2.0e-04 OK
2026-07-14T22:25:43.897  POINT i=112 beta=0.0489000 R=336.08014889 alpha=(0.215037890,+2.547e-09) res=7.533e-19 overlap=0.99999999 jump=2.940e-03 step=-2.0e-04 OK
2026-07-14T22:25:57.558  POINT i=113 beta=0.0487000 R=338.35099402 alpha=(0.211849892,-5.181e-11) res=6.170e-19 overlap=1.00000000 jump=3.188e-03 step=-2.0e-04 OK
2026-07-14T22:26:08.980  POINT i=114 beta=0.0485000 R=340.55111250 alpha=(0.208256077,-5.494e-10) res=7.420e-19 overlap=1.00000000 jump=3.594e-03 step=-2.0e-04 OK
2026-07-14T22:26:19.570  POINT i=115 beta=0.0483000 R=342.44955973 alpha=(0.203816870,-5.910e-08) res=5.651e-19 overlap=1.00000000 jump=4.439e-03 step=-2.0e-04 OK
2026-07-14T22:29:25.454  FAILED points=115 beta=0.048100000000000045 message=failed to bracket a neutral point at beta=0.048100000000000045 from R_guess=344.3480069676462
